Using pre-set license
Built from '2020.3/release' branch; Version is '2020.3.12f1 (b3b2c6512326) revision 11776710'; Using compiler version '192528614'; Build Type 'Release'
OS: 'Windows 10 Education; OS build 19042.1526; Version 2009; 64bit' Language: 'en' Physical Memory: 15712 MB
BatchMode: 1, IsHumanControllingUs: 0, StartBugReporterOnCrash: 0, Is64bit: 1, IsPro: 0

 COMMAND LINE ARGUMENTS:
C:\Program Files\Unity\Editor\Unity.exe
-adb2
-batchMode
-noUpm
-name
AssetImportWorker0
-projectPath
H:/Documents/Year 3/FYP/Citizens
-logFile
Logs/AssetImportWorker0.log
-srvPort
20170
Successfully changed project path to: H:/Documents/Year 3/FYP/Citizens
H:/Documents/Year 3/FYP/Citizens
Using Asset Import Pipeline V2.
Refreshing native plugins compatible for Editor in 390.04 ms, found 2 plugins.
Preloading 0 native plugins for Editor in 0.00 ms.
Initialize engine version: 2020.3.12f1 (b3b2c6512326)
[Subsystems] Discovering subsystems at path C:/Program Files/Unity/Editor/Data/Resources/UnitySubsystems
[Subsystems] Discovering subsystems at path H:/Documents/Year 3/FYP/Citizens/Assets
GfxDevice: creating device client; threaded=0
Direct3D:
    Version:  Direct3D 11.0 [level 11.1]
    Renderer: NVIDIA GeForce RTX 2060 SUPER (ID=0x1f06)
    Vendor:   
    VRAM:     8031 MB
    Driver:   27.21.14.5206
Initialize mono
Mono path[0] = 'C:/Program Files/Unity/Editor/Data/Managed'
Mono path[1] = 'C:/Program Files/Unity/Editor/Data/MonoBleedingEdge/lib/mono/unityjit'
Mono config path = 'C:/Program Files/Unity/Editor/Data/MonoBleedingEdge/etc'
Using monoOptions --debugger-agent=transport=dt_socket,embedding=1,server=y,suspend=n,address=127.0.0.1:56968
Begin MonoManager ReloadAssembly
Registering precompiled unity dll's ...
Register platform support module: C:/Program Files/Unity/Editor/Data/PlaybackEngines/WindowsStandaloneSupport/UnityEditor.WindowsStandalone.Extensions.dll
Registered in 0.003482 seconds.
Native extension for WindowsStandalone target not found
Refreshing native plugins compatible for Editor in 45.92 ms, found 2 plugins.
Preloading 0 native plugins for Editor in 0.00 ms.
Mono: successfully reloaded assembly
- Completed reload, in  1.731 seconds
Platform modules already initialized, skipping
Registering precompiled user dll's ...
Registered in 0.113799 seconds.
Begin MonoManager ReloadAssembly
Native extension for WindowsStandalone target not found
Refreshing native plugins compatible for Editor in 0.58 ms, found 2 plugins.
Preloading 0 native plugins for Editor in 0.00 ms.
Mono: successfully reloaded assembly
- Completed reload, in  2.017 seconds
Platform modules already initialized, skipping
========================================================================
Worker process is ready to serve import requests
Launched and connected shader compiler UnityShaderCompiler.exe after 0.08 seconds
Refreshing native plugins compatible for Editor in 0.69 ms, found 2 plugins.
Preloading 0 native plugins for Editor in 0.00 ms.
Unloading 1950 Unused Serialized files (Serialized files now loaded: 0)
System memory in use before: 80.3 MB.
System memory in use after: 80.4 MB.

Unloading 59 unused Assets to reduce memory usage. Loaded Objects now: 2357.
Total: 6.997800 ms (FindLiveObjects: 0.420700 ms CreateObjectMapping: 0.171100 ms MarkObjects: 6.247500 ms  DeleteObjects: 0.156100 ms)

AssetImportParameters requested are different than current active one (requested -> active):
  custom:framework-win-MediaFoundation: 216162199b28c13a410421893ffa2e32 -> 
  custom:video-decoder-ogg-theora: a1e56fd34408186e4bbccfd4996cb3dc -> 
  custom:container-muxer-webm: aa71ff27fc2769a1b78a27578f13a17b -> 
  custom:container-demuxer-webm: 4f35f7cbe854078d1ac9338744f61a02 -> 
  custom:container-demuxer-ogg: 62fdf1f143b41e24485cea50d1cbac27 -> 
  custom:video-encoder-webm-vp8: eb34c28f22e8b96e1ab97ce403110664 -> 
  custom:video-decoder-webm-vp8: 9c59270c3fd7afecdb556c50c9e8de78 -> 
  custom:audio-decoder-ogg-vorbis: bf7c407c2cedff20999df2af8eb42d56 -> 
  custom:audio-encoder-webm-vorbis: bf7c407c2cedff20999df2af8eb42d56 -> 
========================================================================
Received Import Request.
  path: Assets/Scenes/TutoriaalTestScene.unity
  artifactKey: Guid(d1e9bac89c01ec441bf3bfb3e0b2f877) Importer(815301076,1909f56bfc062723c751e8b465ee728b)
Start importing Assets/Scenes/TutoriaalTestScene.unity using Guid(d1e9bac89c01ec441bf3bfb3e0b2f877) Importer(815301076,1909f56bfc062723c751e8b465ee728b)  -> (artifact id: 'fc9d25b293e6b897f58cf64f1367e733') in 0.064207 seconds 
  Import took 0.067551 seconds .

========================================================================
Received Prepare
Registering precompiled user dll's ...
Registered in 0.118551 seconds.
Begin MonoManager ReloadAssembly
Native extension for WindowsStandalone target not found
Refreshing native plugins compatible for Editor in 0.63 ms, found 2 plugins.
Preloading 0 native plugins for Editor in 0.00 ms.
Mono: successfully reloaded assembly
- Completed reload, in  1.636 seconds
Platform modules already initialized, skipping
Refreshing native plugins compatible for Editor in 0.61 ms, found 2 plugins.
Preloading 0 native plugins for Editor in 0.00 ms.
Unloading 1944 Unused Serialized files (Serialized files now loaded: 0)
System memory in use before: 80.2 MB.
System memory in use after: 80.3 MB.

Unloading 50 unused Assets to reduce memory usage. Loaded Objects now: 2360.
Total: 4.346800 ms (FindLiveObjects: 0.217000 ms CreateObjectMapping: 0.081300 ms MarkObjects: 4.025800 ms  DeleteObjects: 0.021400 ms)

AssetImportParameters requested are different than current active one (requested -> active):
  custom:framework-win-MediaFoundation: 216162199b28c13a410421893ffa2e32 -> 
  custom:video-decoder-ogg-theora: a1e56fd34408186e4bbccfd4996cb3dc -> 
  custom:container-muxer-webm: aa71ff27fc2769a1b78a27578f13a17b -> 
  custom:container-demuxer-webm: 4f35f7cbe854078d1ac9338744f61a02 -> 
  custom:container-demuxer-ogg: 62fdf1f143b41e24485cea50d1cbac27 -> 
  custom:video-encoder-webm-vp8: eb34c28f22e8b96e1ab97ce403110664 -> 
  custom:video-decoder-webm-vp8: 9c59270c3fd7afecdb556c50c9e8de78 -> 
  custom:audio-decoder-ogg-vorbis: bf7c407c2cedff20999df2af8eb42d56 -> 
  custom:audio-encoder-webm-vorbis: bf7c407c2cedff20999df2af8eb42d56 -> 
========================================================================
Received Import Request.
  Time since last request: 492.308216 seconds.
  path: Assets/Prefabs/DefaultChunk.prefab
  artifactKey: Guid(7d1db9eac591a5842a37a5213d84acdc) Importer(815301076,1909f56bfc062723c751e8b465ee728b)
Start importing Assets/Prefabs/DefaultChunk.prefab using Guid(7d1db9eac591a5842a37a5213d84acdc) Importer(815301076,1909f56bfc062723c751e8b465ee728b)  -> (artifact id: '6b3ce17da1eb832c26d927e5dbb76568') in 0.394806 seconds 
  Import took 0.398747 seconds .

========================================================================
Received Import Request.
  Time since last request: 0.000194 seconds.
  path: Assets/Prefabs/EmptyChunk.prefab
  artifactKey: Guid(0749a4b8aefd45041a8a2aca79fd9531) Importer(815301076,1909f56bfc062723c751e8b465ee728b)
Start importing Assets/Prefabs/EmptyChunk.prefab using Guid(0749a4b8aefd45041a8a2aca79fd9531) Importer(815301076,1909f56bfc062723c751e8b465ee728b)  -> (artifact id: '19d97934f1f8f6199d55397f37b663cd') in 0.034658 seconds 
  Import took 0.037254 seconds .

========================================================================
Received Import Request.
  Time since last request: 0.000173 seconds.
  path: Assets/Prefabs/RoadGenerator.prefab
  artifactKey: Guid(b7df54b611314c64291a419a2dc73dae) Importer(815301076,1909f56bfc062723c751e8b465ee728b)
Start importing Assets/Prefabs/RoadGenerator.prefab using Guid(b7df54b611314c64291a419a2dc73dae) Importer(815301076,1909f56bfc062723c751e8b465ee728b)  -> (artifact id: 'ae06a9d687172835c6526d8a57080558') in 0.139149 seconds 
  Import took 0.141797 seconds .

========================================================================
Received Import Request.
  Time since last request: 2.438811 seconds.
  path: Assets/Scripts/MeshCombiner.cs
  artifactKey: Guid(4ec0bd33d5aeba84abd16cb23ef2feea) Importer(815301076,1909f56bfc062723c751e8b465ee728b)
Start importing Assets/Scripts/MeshCombiner.cs using Guid(4ec0bd33d5aeba84abd16cb23ef2feea) Importer(815301076,1909f56bfc062723c751e8b465ee728b)  -> (artifact id: '01a2b90b096ac7acbc302a4238b124c6') in 0.062426 seconds 
  Import took 0.065464 seconds .

========================================================================
Received Prepare
Registering precompiled user dll's ...
Registered in 0.146562 seconds.
Begin MonoManager ReloadAssembly
Native extension for WindowsStandalone target not found
Refreshing native plugins compatible for Editor in 0.51 ms, found 2 plugins.
Preloading 0 native plugins for Editor in 0.00 ms.
Mono: successfully reloaded assembly
- Completed reload, in  1.581 seconds
Platform modules already initialized, skipping
Refreshing native plugins compatible for Editor in 0.68 ms, found 2 plugins.
Preloading 0 native plugins for Editor in 0.00 ms.
Unloading 1943 Unused Serialized files (Serialized files now loaded: 0)
System memory in use before: 83.5 MB.
System memory in use after: 83.6 MB.

Unloading 49 unused Assets to reduce memory usage. Loaded Objects now: 2372.
Total: 5.217500 ms (FindLiveObjects: 0.257200 ms CreateObjectMapping: 0.089800 ms MarkObjects: 4.817000 ms  DeleteObjects: 0.051600 ms)

AssetImportParameters requested are different than current active one (requested -> active):
  custom:framework-win-MediaFoundation: 216162199b28c13a410421893ffa2e32 -> 
  custom:video-decoder-ogg-theora: a1e56fd34408186e4bbccfd4996cb3dc -> 
  custom:container-muxer-webm: aa71ff27fc2769a1b78a27578f13a17b -> 
  custom:container-demuxer-webm: 4f35f7cbe854078d1ac9338744f61a02 -> 
  custom:container-demuxer-ogg: 62fdf1f143b41e24485cea50d1cbac27 -> 
  custom:video-encoder-webm-vp8: eb34c28f22e8b96e1ab97ce403110664 -> 
  custom:video-decoder-webm-vp8: 9c59270c3fd7afecdb556c50c9e8de78 -> 
  custom:audio-decoder-ogg-vorbis: bf7c407c2cedff20999df2af8eb42d56 -> 
  custom:audio-encoder-webm-vorbis: bf7c407c2cedff20999df2af8eb42d56 -> 
========================================================================
Received Prepare
Registering precompiled user dll's ...
Registered in 0.043798 seconds.
Begin MonoManager ReloadAssembly
Native extension for WindowsStandalone target not found
Refreshing native plugins compatible for Editor in 0.54 ms, found 2 plugins.
Preloading 0 native plugins for Editor in 0.00 ms.
Mono: successfully reloaded assembly
- Completed reload, in  1.050 seconds
Platform modules already initialized, skipping
Refreshing native plugins compatible for Editor in 0.58 ms, found 2 plugins.
Preloading 0 native plugins for Editor in 0.00 ms.
Unloading 1943 Unused Serialized files (Serialized files now loaded: 0)
System memory in use before: 83.5 MB.
System memory in use after: 83.7 MB.

Unloading 49 unused Assets to reduce memory usage. Loaded Objects now: 2375.
Total: 3.859800 ms (FindLiveObjects: 0.154200 ms CreateObjectMapping: 0.059800 ms MarkObjects: 3.627400 ms  DeleteObjects: 0.017700 ms)

AssetImportParameters requested are different than current active one (requested -> active):
  custom:framework-win-MediaFoundation: 216162199b28c13a410421893ffa2e32 -> 
  custom:video-decoder-ogg-theora: a1e56fd34408186e4bbccfd4996cb3dc -> 
  custom:container-muxer-webm: aa71ff27fc2769a1b78a27578f13a17b -> 
  custom:container-demuxer-webm: 4f35f7cbe854078d1ac9338744f61a02 -> 
  custom:container-demuxer-ogg: 62fdf1f143b41e24485cea50d1cbac27 -> 
  custom:video-encoder-webm-vp8: eb34c28f22e8b96e1ab97ce403110664 -> 
  custom:video-decoder-webm-vp8: 9c59270c3fd7afecdb556c50c9e8de78 -> 
  custom:audio-decoder-ogg-vorbis: bf7c407c2cedff20999df2af8eb42d56 -> 
  custom:audio-encoder-webm-vorbis: bf7c407c2cedff20999df2af8eb42d56 -> 
========================================================================
Received Import Request.
  Time since last request: 1857.038810 seconds.
  path: Packages/com.unity.nuget.newtonsoft-json/package.json
  artifactKey: Guid(f8d4e5c2f2df25449ae8c391afbe5114) Importer(815301076,1909f56bfc062723c751e8b465ee728b)
Start importing Packages/com.unity.nuget.newtonsoft-json/package.json using Guid(f8d4e5c2f2df25449ae8c391afbe5114) Importer(815301076,1909f56bfc062723c751e8b465ee728b)  -> (artifact id: '3887d1616531507fa9c4f23ac1ba7ce0') in 0.126537 seconds 
  Import took 0.129379 seconds .

========================================================================
Received Import Request.
  Time since last request: 2.038483 seconds.
  path: Packages/com.unity.nuget.newtonsoft-json/README.md
  artifactKey: Guid(51bd45ca4f0f28342a12f4b0c80e9f4f) Importer(815301076,1909f56bfc062723c751e8b465ee728b)
Start importing Packages/com.unity.nuget.newtonsoft-json/README.md using Guid(51bd45ca4f0f28342a12f4b0c80e9f4f) Importer(815301076,1909f56bfc062723c751e8b465ee728b)  -> (artifact id: 'f993514515c9ab0dd1c9064594b9cd2c') in 0.066828 seconds 
  Import took 0.069407 seconds .

========================================================================
Received Prepare
Registering precompiled user dll's ...
Registered in 0.057398 seconds.
Begin MonoManager ReloadAssembly
Native extension for WindowsStandalone target not found
Refreshing native plugins compatible for Editor in 0.57 ms, found 2 plugins.
Preloading 0 native plugins for Editor in 0.00 ms.
Mono: successfully reloaded assembly
- Completed reload, in  1.043 seconds
Platform modules already initialized, skipping
Refreshing native plugins compatible for Editor in 0.91 ms, found 2 plugins.
Preloading 0 native plugins for Editor in 0.00 ms.
Unloading 1943 Unused Serialized files (Serialized files now loaded: 0)
System memory in use before: 83.6 MB.
System memory in use after: 83.7 MB.

Unloading 49 unused Assets to reduce memory usage. Loaded Objects now: 2378.
Total: 4.668700 ms (FindLiveObjects: 0.180300 ms CreateObjectMapping: 0.066700 ms MarkObjects: 4.396100 ms  DeleteObjects: 0.024500 ms)

AssetImportParameters requested are different than current active one (requested -> active):
  custom:framework-win-MediaFoundation: 216162199b28c13a410421893ffa2e32 -> 
  custom:video-decoder-ogg-theora: a1e56fd34408186e4bbccfd4996cb3dc -> 
  custom:container-muxer-webm: aa71ff27fc2769a1b78a27578f13a17b -> 
  custom:container-demuxer-webm: 4f35f7cbe854078d1ac9338744f61a02 -> 
  custom:container-demuxer-ogg: 62fdf1f143b41e24485cea50d1cbac27 -> 
  custom:video-encoder-webm-vp8: eb34c28f22e8b96e1ab97ce403110664 -> 
  custom:video-decoder-webm-vp8: 9c59270c3fd7afecdb556c50c9e8de78 -> 
  custom:audio-decoder-ogg-vorbis: bf7c407c2cedff20999df2af8eb42d56 -> 
  custom:audio-encoder-webm-vorbis: bf7c407c2cedff20999df2af8eb42d56 -> 
========================================================================
Received Prepare
Registering precompiled user dll's ...
Registered in 0.104942 seconds.
Begin MonoManager ReloadAssembly
Native extension for WindowsStandalone target not found
Refreshing native plugins compatible for Editor in 0.64 ms, found 2 plugins.
Preloading 0 native plugins for Editor in 0.00 ms.
Mono: successfully reloaded assembly
- Completed reload, in  1.344 seconds
Platform modules already initialized, skipping
Refreshing native plugins compatible for Editor in 0.55 ms, found 2 plugins.
Preloading 0 native plugins for Editor in 0.00 ms.
Unloading 1943 Unused Serialized files (Serialized files now loaded: 0)
System memory in use before: 83.6 MB.
System memory in use after: 83.7 MB.

Unloading 49 unused Assets to reduce memory usage. Loaded Objects now: 2381.
Total: 3.961300 ms (FindLiveObjects: 0.155100 ms CreateObjectMapping: 0.059500 ms MarkObjects: 3.728300 ms  DeleteObjects: 0.017800 ms)

AssetImportParameters requested are different than current active one (requested -> active):
  custom:framework-win-MediaFoundation: 216162199b28c13a410421893ffa2e32 -> 
  custom:video-decoder-ogg-theora: a1e56fd34408186e4bbccfd4996cb3dc -> 
  custom:container-muxer-webm: aa71ff27fc2769a1b78a27578f13a17b -> 
  custom:container-demuxer-webm: 4f35f7cbe854078d1ac9338744f61a02 -> 
  custom:container-demuxer-ogg: 62fdf1f143b41e24485cea50d1cbac27 -> 
  custom:video-encoder-webm-vp8: eb34c28f22e8b96e1ab97ce403110664 -> 
  custom:video-decoder-webm-vp8: 9c59270c3fd7afecdb556c50c9e8de78 -> 
  custom:audio-decoder-ogg-vorbis: bf7c407c2cedff20999df2af8eb42d56 -> 
  custom:audio-encoder-webm-vorbis: bf7c407c2cedff20999df2af8eb42d56 -> 
========================================================================
Received Prepare
Registering precompiled user dll's ...
Registered in 0.026264 seconds.
Begin MonoManager ReloadAssembly
Native extension for WindowsStandalone target not found
Refreshing native plugins compatible for Editor in 0.83 ms, found 2 plugins.
Preloading 0 native plugins for Editor in 0.00 ms.
Mono: successfully reloaded assembly
- Completed reload, in  1.082 seconds
Platform modules already initialized, skipping
Refreshing native plugins compatible for Editor in 0.76 ms, found 2 plugins.
Preloading 0 native plugins for Editor in 0.00 ms.
Unloading 1943 Unused Serialized files (Serialized files now loaded: 0)
System memory in use before: 83.6 MB.
System memory in use after: 83.7 MB.

Unloading 49 unused Assets to reduce memory usage. Loaded Objects now: 2384.
Total: 5.129900 ms (FindLiveObjects: 0.192000 ms CreateObjectMapping: 0.066200 ms MarkObjects: 4.842600 ms  DeleteObjects: 0.028100 ms)

AssetImportParameters requested are different than current active one (requested -> active):
  custom:framework-win-MediaFoundation: 216162199b28c13a410421893ffa2e32 -> 
  custom:video-decoder-ogg-theora: a1e56fd34408186e4bbccfd4996cb3dc -> 
  custom:container-muxer-webm: aa71ff27fc2769a1b78a27578f13a17b -> 
  custom:container-demuxer-webm: 4f35f7cbe854078d1ac9338744f61a02 -> 
  custom:container-demuxer-ogg: 62fdf1f143b41e24485cea50d1cbac27 -> 
  custom:video-encoder-webm-vp8: eb34c28f22e8b96e1ab97ce403110664 -> 
  custom:video-decoder-webm-vp8: 9c59270c3fd7afecdb556c50c9e8de78 -> 
  custom:audio-decoder-ogg-vorbis: bf7c407c2cedff20999df2af8eb42d56 -> 
  custom:audio-encoder-webm-vorbis: bf7c407c2cedff20999df2af8eb42d56 -> 
========================================================================
Received Prepare
Registering precompiled user dll's ...
Registered in 0.094144 seconds.
Begin MonoManager ReloadAssembly
Native extension for WindowsStandalone target not found
Refreshing native plugins compatible for Editor in 0.54 ms, found 2 plugins.
Preloading 0 native plugins for Editor in 0.00 ms.
Mono: successfully reloaded assembly
- Completed reload, in  1.500 seconds
Platform modules already initialized, skipping
Refreshing native plugins compatible for Editor in 0.59 ms, found 2 plugins.
Preloading 0 native plugins for Editor in 0.00 ms.
Unloading 1943 Unused Serialized files (Serialized files now loaded: 0)
System memory in use before: 83.6 MB.
System memory in use after: 83.7 MB.

Unloading 49 unused Assets to reduce memory usage. Loaded Objects now: 2387.
Total: 4.496800 ms (FindLiveObjects: 0.211700 ms CreateObjectMapping: 0.079900 ms MarkObjects: 4.160200 ms  DeleteObjects: 0.043900 ms)

AssetImportParameters requested are different than current active one (requested -> active):
  custom:framework-win-MediaFoundation: 216162199b28c13a410421893ffa2e32 -> 
  custom:video-decoder-ogg-theora: a1e56fd34408186e4bbccfd4996cb3dc -> 
  custom:container-muxer-webm: aa71ff27fc2769a1b78a27578f13a17b -> 
  custom:container-demuxer-webm: 4f35f7cbe854078d1ac9338744f61a02 -> 
  custom:container-demuxer-ogg: 62fdf1f143b41e24485cea50d1cbac27 -> 
  custom:video-encoder-webm-vp8: eb34c28f22e8b96e1ab97ce403110664 -> 
  custom:video-decoder-webm-vp8: 9c59270c3fd7afecdb556c50c9e8de78 -> 
  custom:audio-decoder-ogg-vorbis: bf7c407c2cedff20999df2af8eb42d56 -> 
  custom:audio-encoder-webm-vorbis: bf7c407c2cedff20999df2af8eb42d56 -> 
========================================================================
Received Prepare
Registering precompiled user dll's ...
Registered in 0.084228 seconds.
Begin MonoManager ReloadAssembly
Native extension for WindowsStandalone target not found
Refreshing native plugins compatible for Editor in 0.54 ms, found 2 plugins.
Preloading 0 native plugins for Editor in 0.00 ms.
Mono: successfully reloaded assembly
- Completed reload, in  1.220 seconds
Platform modules already initialized, skipping
Refreshing native plugins compatible for Editor in 0.55 ms, found 2 plugins.
Preloading 0 native plugins for Editor in 0.00 ms.
Unloading 1943 Unused Serialized files (Serialized files now loaded: 0)
System memory in use before: 83.6 MB.
System memory in use after: 83.7 MB.

Unloading 49 unused Assets to reduce memory usage. Loaded Objects now: 2390.
Total: 4.081200 ms (FindLiveObjects: 0.256000 ms CreateObjectMapping: 0.077500 ms MarkObjects: 3.729700 ms  DeleteObjects: 0.017300 ms)

AssetImportParameters requested are different than current active one (requested -> active):
  custom:framework-win-MediaFoundation: 216162199b28c13a410421893ffa2e32 -> 
  custom:video-decoder-ogg-theora: a1e56fd34408186e4bbccfd4996cb3dc -> 
  custom:container-muxer-webm: aa71ff27fc2769a1b78a27578f13a17b -> 
  custom:container-demuxer-webm: 4f35f7cbe854078d1ac9338744f61a02 -> 
  custom:container-demuxer-ogg: 62fdf1f143b41e24485cea50d1cbac27 -> 
  custom:video-encoder-webm-vp8: eb34c28f22e8b96e1ab97ce403110664 -> 
  custom:video-decoder-webm-vp8: 9c59270c3fd7afecdb556c50c9e8de78 -> 
  custom:audio-decoder-ogg-vorbis: bf7c407c2cedff20999df2af8eb42d56 -> 
  custom:audio-encoder-webm-vorbis: bf7c407c2cedff20999df2af8eb42d56 -> 
========================================================================
Received Import Request.
  Time since last request: 433.993206 seconds.
  path: Assets/Prefabs/Tiles
  artifactKey: Guid(bd4619130b2cf4b46be0ff19dcd26c4b) Importer(815301076,1909f56bfc062723c751e8b465ee728b)
Start importing Assets/Prefabs/Tiles using Guid(bd4619130b2cf4b46be0ff19dcd26c4b) Importer(815301076,1909f56bfc062723c751e8b465ee728b)  -> (artifact id: 'c77829b404767aa1f70797b2b6132550') in 0.047343 seconds 
  Import took 0.049844 seconds .

========================================================================
Received Import Request.
  Time since last request: 0.000183 seconds.
  path: Assets/Prefabs/Tiles/1x1 Corner.prefab
  artifactKey: Guid(41280604f7abeea489b8c4670db5113f) Importer(815301076,1909f56bfc062723c751e8b465ee728b)
Start importing Assets/Prefabs/Tiles/1x1 Corner.prefab using Guid(41280604f7abeea489b8c4670db5113f) Importer(815301076,1909f56bfc062723c751e8b465ee728b)  -> (artifact id: '00be41689eb17b03ffac2cedfc986e3a') in 0.203705 seconds 
  Import took 0.206096 seconds .

========================================================================
Received Import Request.
  Time since last request: 0.000278 seconds.
  path: Assets/Prefabs/Tiles/1x1 Crossroad.prefab
  artifactKey: Guid(ce039a892b508e94d8fe2a15a83accfb) Importer(815301076,1909f56bfc062723c751e8b465ee728b)
Start importing Assets/Prefabs/Tiles/1x1 Crossroad.prefab using Guid(ce039a892b508e94d8fe2a15a83accfb) Importer(815301076,1909f56bfc062723c751e8b465ee728b)  -> (artifact id: 'f3a64c2891f80ac77d077e6e3fd1bef7') in 0.140930 seconds 
  Import took 0.143223 seconds .

========================================================================
Received Import Request.
  Time since last request: 0.000167 seconds.
  path: Assets/Prefabs/Tiles/1x1 Straight Road.prefab
  artifactKey: Guid(ed21b74aa0dca2546a428bea6da2e9a7) Importer(815301076,1909f56bfc062723c751e8b465ee728b)
Start importing Assets/Prefabs/Tiles/1x1 Straight Road.prefab using Guid(ed21b74aa0dca2546a428bea6da2e9a7) Importer(815301076,1909f56bfc062723c751e8b465ee728b)  -> (artifact id: '56e19805250604da21fa3753352d573b') in 0.134940 seconds 
  Import took 0.137315 seconds .

========================================================================
Received Import Request.
  Time since last request: 0.000165 seconds.
  path: Assets/Prefabs/Tiles/Generic_Skyscraper_1.prefab
  artifactKey: Guid(0b6c123ed5d6bc742a8ce2f40d293ebb) Importer(815301076,1909f56bfc062723c751e8b465ee728b)
Start importing Assets/Prefabs/Tiles/Generic_Skyscraper_1.prefab using Guid(0b6c123ed5d6bc742a8ce2f40d293ebb) Importer(815301076,1909f56bfc062723c751e8b465ee728b)  -> (artifact id: '388f325b6e08189e7b3be58cc77799d3') in 0.137459 seconds 
  Import took 0.139760 seconds .

========================================================================
Received Import Request.
  Time since last request: 0.000122 seconds.
  path: Assets/Prefabs/Tiles/1x1 T-Junction.prefab
  artifactKey: Guid(23cf6e38582e15540aad93021c3393d3) Importer(815301076,1909f56bfc062723c751e8b465ee728b)
Start importing Assets/Prefabs/Tiles/1x1 T-Junction.prefab using Guid(23cf6e38582e15540aad93021c3393d3) Importer(815301076,1909f56bfc062723c751e8b465ee728b)  -> (artifact id: '6a6158eb546eb1715ef73f41fe1048a1') in 0.130214 seconds 
  Import took 0.132663 seconds .

========================================================================
Received Import Request.
  Time since last request: 0.000137 seconds.
  path: Assets/Prefabs/Tiles/1x1_Reference.prefab
  artifactKey: Guid(42af3a0de282f0f4d9548a9de64442f3) Importer(815301076,1909f56bfc062723c751e8b465ee728b)
Start importing Assets/Prefabs/Tiles/1x1_Reference.prefab using Guid(42af3a0de282f0f4d9548a9de64442f3) Importer(815301076,1909f56bfc062723c751e8b465ee728b)  -> (artifact id: '29566519bdb79da21e42799f2be237f2') in 0.088700 seconds 
  Import took 0.091014 seconds .

========================================================================
Received Import Request.
  Time since last request: 0.000135 seconds.
  path: Assets/Prefabs/Tiles/Air.prefab
  artifactKey: Guid(c96b70891e68f6641966381a7cdb6dc0) Importer(815301076,1909f56bfc062723c751e8b465ee728b)
Start importing Assets/Prefabs/Tiles/Air.prefab using Guid(c96b70891e68f6641966381a7cdb6dc0) Importer(815301076,1909f56bfc062723c751e8b465ee728b)  -> (artifact id: '87294f9aa50f3f759ecf0253c63300ce') in 0.047767 seconds 
  Import took 0.062139 seconds .

========================================================================
Received Import Request.
  Time since last request: 0.000168 seconds.
  path: Assets/Prefabs/Tiles/1x1 Grass.prefab
  artifactKey: Guid(dbb8c39e710aea54bb6f669ebfaee4bc) Importer(815301076,1909f56bfc062723c751e8b465ee728b)
Start importing Assets/Prefabs/Tiles/1x1 Grass.prefab using Guid(dbb8c39e710aea54bb6f669ebfaee4bc) Importer(815301076,1909f56bfc062723c751e8b465ee728b)  -> (artifact id: 'b6c7da1b8fcec6401dea51974ba94d65') in 0.090759 seconds 
  Import took 0.093261 seconds .

========================================================================
Received Import Request.
  Time since last request: 0.000176 seconds.
  path: Assets/Prefabs/Tiles/1x1 Crossroad Controlled.prefab
  artifactKey: Guid(d4b8280fafc12fa43977e37aef98ab9e) Importer(815301076,1909f56bfc062723c751e8b465ee728b)
Start importing Assets/Prefabs/Tiles/1x1 Crossroad Controlled.prefab using Guid(d4b8280fafc12fa43977e37aef98ab9e) Importer(815301076,1909f56bfc062723c751e8b465ee728b)  -> (artifact id: '67c55b5754d871f7b12ffbfc2a3ec53d') in 0.105994 seconds 
  Import took 0.108429 seconds .

========================================================================
Received Prepare
Registering precompiled user dll's ...
Registered in 0.040204 seconds.
Begin MonoManager ReloadAssembly
Native extension for WindowsStandalone target not found
Refreshing native plugins compatible for Editor in 0.56 ms, found 2 plugins.
Preloading 0 native plugins for Editor in 0.00 ms.
Mono: successfully reloaded assembly
- Completed reload, in  1.082 seconds
Platform modules already initialized, skipping
Refreshing native plugins compatible for Editor in 0.70 ms, found 2 plugins.
Preloading 0 native plugins for Editor in 0.00 ms.
Unloading 1943 Unused Serialized files (Serialized files now loaded: 0)
System memory in use before: 83.6 MB.
System memory in use after: 83.8 MB.

Unloading 49 unused Assets to reduce memory usage. Loaded Objects now: 2394.
Total: 4.644000 ms (FindLiveObjects: 0.253600 ms CreateObjectMapping: 0.083800 ms MarkObjects: 4.282000 ms  DeleteObjects: 0.023600 ms)

AssetImportParameters requested are different than current active one (requested -> active):
  custom:framework-win-MediaFoundation: 216162199b28c13a410421893ffa2e32 -> 
  custom:video-decoder-ogg-theora: a1e56fd34408186e4bbccfd4996cb3dc -> 
  custom:container-muxer-webm: aa71ff27fc2769a1b78a27578f13a17b -> 
  custom:container-demuxer-webm: 4f35f7cbe854078d1ac9338744f61a02 -> 
  custom:container-demuxer-ogg: 62fdf1f143b41e24485cea50d1cbac27 -> 
  custom:video-encoder-webm-vp8: eb34c28f22e8b96e1ab97ce403110664 -> 
  custom:video-decoder-webm-vp8: 9c59270c3fd7afecdb556c50c9e8de78 -> 
  custom:audio-decoder-ogg-vorbis: bf7c407c2cedff20999df2af8eb42d56 -> 
  custom:audio-encoder-webm-vorbis: bf7c407c2cedff20999df2af8eb42d56 -> 
========================================================================
Received Import Request.
  Time since last request: 73.729022 seconds.
  path: Assets/Prefabs/Tiles/1x1 Corner.prefab
  artifactKey: Guid(41280604f7abeea489b8c4670db5113f) Importer(815301076,1909f56bfc062723c751e8b465ee728b)
Start importing Assets/Prefabs/Tiles/1x1 Corner.prefab using Guid(41280604f7abeea489b8c4670db5113f) Importer(815301076,1909f56bfc062723c751e8b465ee728b)  -> (artifact id: 'cfdc004c70c4344512b44e38751f3b3a') in 0.132398 seconds 
  Import took 0.135471 seconds .

========================================================================
Received Import Request.
  Time since last request: 0.000208 seconds.
  path: Assets/Prefabs/Tiles/1x1 Straight Road.prefab
  artifactKey: Guid(ed21b74aa0dca2546a428bea6da2e9a7) Importer(815301076,1909f56bfc062723c751e8b465ee728b)
Start importing Assets/Prefabs/Tiles/1x1 Straight Road.prefab using Guid(ed21b74aa0dca2546a428bea6da2e9a7) Importer(815301076,1909f56bfc062723c751e8b465ee728b)  -> (artifact id: '697072c7b4a1211bd616cb0a4d84ddc9') in 0.091719 seconds 
  Import took 0.095202 seconds .

